#
# There is insufficient memory for the Java Runtime Environment to continue.
# Native memory allocation (mmap) failed to map 80740352 bytes for G1 virtual space
# Possible reasons:
#   The system is out of physical RAM or swap space
#   The process is running with CompressedOops enabled, and the Java Heap may be blocking the growth of the native heap
# Possible solutions:
#   Reduce memory load on the system
#   Increase physical memory or swap space
#   Check if swap backing store is full
#   Decrease Java heap size (-Xmx/-Xms)
#   Decrease number of Java threads
#   Decrease Java thread stack sizes (-Xss)
#   Set larger code cache with -XX:ReservedCodeCacheSize=
#   JVM is running with Unscaled Compressed Oops mode in which the Java heap is
#     placed in the first 4GB address space. The Java Heap base address is the
#     maximum limit for the native heap growth. Please use -XX:HeapBaseMinAddress
#     to set the Java Heap base and to place the Java Heap above 4GB virtual address.
# This output file may be truncated or incomplete.
#
#  Out of Memory Error (os_windows.cpp:3769), pid=21276, tid=17116
#
# JRE version: OpenJDK Runtime Environment (17.0.6) (build 17.0.6+0-b2043.56-10027231)
# Java VM: OpenJDK 64-Bit Server VM (17.0.6+0-b2043.56-10027231, mixed mode, tiered, compressed oops, compressed class ptrs, g1 gc, windows-amd64)
# No core dump will be written. Minidumps are not enabled by default on client versions of Windows
#

---------------  S U M M A R Y ------------

Command Line: --add-opens=java.base/java.util=ALL-UNNAMED --add-opens=java.base/java.lang=ALL-UNNAMED --add-opens=java.base/java.lang.invoke=ALL-UNNAMED --add-opens=java.prefs/java.util.prefs=ALL-UNNAMED --add-opens=java.base/java.nio.charset=ALL-UNNAMED --add-opens=java.base/java.net=ALL-UNNAMED --add-opens=java.base/java.util.concurrent.atomic=ALL-UNNAMED -Xmx2048m -Dfile.encoding=UTF-8 -Duser.country=US -Duser.language=en -Duser.variant org.gradle.launcher.daemon.bootstrap.GradleDaemon 8.0

Host: AMD Ryzen 3 3250U with Radeon Graphics         , 4 cores, 5G,  Windows 11 , 64 bit Build 22621 (10.0.22621.1635)
Time: Mon Jun  5 12:23:39 2023 Eastern Daylight Time elapsed time: 42.610657 seconds (0d 0h 0m 42s)

---------------  T H R E A D  ---------------

Current thread (0x0000017d735d1d30):  VMThread "VM Thread" [stack: 0x0000001584600000,0x0000001584700000] [id=17116]

Stack: [0x0000001584600000,0x0000001584700000]
Native frames: (J=compiled Java code, j=interpreted, Vv=VM code, C=native code)
V  [jvm.dll+0x683c9a]
V  [jvm.dll+0x8427a4]
V  [jvm.dll+0x843f9e]
V  [jvm.dll+0x844603]
V  [jvm.dll+0x249b75]
V  [jvm.dll+0x680b69]
V  [jvm.dll+0x67505a]
V  [jvm.dll+0x309acb]
V  [jvm.dll+0x310f86]
V  [jvm.dll+0x3608ee]
V  [jvm.dll+0x360b1f]
V  [jvm.dll+0x2dfbf8]
V  [jvm.dll+0x2ddec4]
V  [jvm.dll+0x2dd4cc]
V  [jvm.dll+0x321f3b]
V  [jvm.dll+0x848ccb]
V  [jvm.dll+0x849a04]
V  [jvm.dll+0x849f1d]
V  [jvm.dll+0x84a2f4]
V  [jvm.dll+0x84a3c0]
V  [jvm.dll+0x7f274a]
V  [jvm.dll+0x682ad5]
C  [ucrtbase.dll+0x29363]
C  [KERNEL32.DLL+0x126ad]
C  [ntdll.dll+0x5a9f8]

VM_Operation (0x0000001585cf5310): G1CollectForAllocation, mode: safepoint, requested by thread 0x0000017d7532e850


---------------  P R O C E S S  ---------------

Threads class SMR info:
_java_thread_list=0x0000017d7ac02f40, length=80, elements={
0x0000017d5a0288d0, 0x0000017d735d5080, 0x0000017d735d5c30, 0x0000017d73615020,
0x0000017d736178f0, 0x0000017d736183a0, 0x0000017d7400a080, 0x0000017d7400ac70,
0x0000017d7400b660, 0x0000017d7361b790, 0x0000017d741a0010, 0x0000017d741a24f0,
0x0000017d75057500, 0x0000017d7556fb80, 0x0000017d759642a0, 0x0000017d75776530,
0x0000017d75aa46c0, 0x0000017d7542e3a0, 0x0000017d7532e850, 0x0000017d767214f0,
0x0000017d7671f340, 0x0000017d76720680, 0x0000017d76721020, 0x0000017d76722360,
0x0000017d767219c0, 0x0000017d76722830, 0x0000017d7671f810, 0x0000017d76721e90,
0x0000017d7671ee70, 0x0000017d7671fce0, 0x0000017d767201b0, 0x0000017d767de960,
0x0000017d767df300, 0x0000017d767dbe10, 0x0000017d767dee30, 0x0000017d767d8df0,
0x0000017d767da600, 0x0000017d767df7d0, 0x0000017d767d8920, 0x0000017d767e0170,
0x0000017d767d9790, 0x0000017d767d9c60, 0x0000017d767ddfc0, 0x0000017d767daad0,
0x0000017d767dafa0, 0x0000017d767db940, 0x0000017d767dc7b0, 0x0000017d767dd150,
0x0000017d767dd620, 0x0000017d767ddaf0, 0x0000017d767de490, 0x0000017d77072700,
0x0000017d77071d60, 0x0000017d77070ef0, 0x0000017d770743e0, 0x0000017d77073a40,
0x0000017d77070550, 0x0000017d770713c0, 0x0000017d770748b0, 0x0000017d7706d530,
0x0000017d7706e870, 0x0000017d77073570, 0x0000017d7706fbb0, 0x0000017d770730a0,
0x0000017d77071890, 0x0000017d77072230, 0x0000017d7706e3a0, 0x0000017d77072bd0,
0x0000017d7706da00, 0x0000017d7706d060, 0x0000017d7706ded0, 0x0000017d7706f6e0,
0x0000017d77070080, 0x0000017d77070a20, 0x0000017d7706ed40, 0x0000017d77073f10,
0x0000017d7706f210, 0x0000017d76aafbc0, 0x0000017d76aaf220, 0x0000017d76ab0f00
}

Java Threads: ( => current thread )
  0x0000017d5a0288d0 JavaThread "main" [_thread_blocked, id=19160, stack(0x0000001584000000,0x0000001584100000)]
  0x0000017d735d5080 JavaThread "Reference Handler" daemon [_thread_blocked, id=20636, stack(0x0000001584700000,0x0000001584800000)]
  0x0000017d735d5c30 JavaThread "Finalizer" daemon [_thread_blocked, id=2064, stack(0x0000001584800000,0x0000001584900000)]
  0x0000017d73615020 JavaThread "Signal Dispatcher" daemon [_thread_blocked, id=20748, stack(0x0000001584900000,0x0000001584a00000)]
  0x0000017d736178f0 JavaThread "Attach Listener" daemon [_thread_blocked, id=21160, stack(0x0000001584a00000,0x0000001584b00000)]
  0x0000017d736183a0 JavaThread "Service Thread" daemon [_thread_blocked, id=19056, stack(0x0000001584b00000,0x0000001584c00000)]
  0x0000017d7400a080 JavaThread "Monitor Deflation Thread" daemon [_thread_blocked, id=9720, stack(0x0000001584c00000,0x0000001584d00000)]
  0x0000017d7400ac70 JavaThread "C2 CompilerThread0" daemon [_thread_blocked, id=20424, stack(0x0000001584d00000,0x0000001584e00000)]
  0x0000017d7400b660 JavaThread "C1 CompilerThread0" daemon [_thread_blocked, id=20624, stack(0x0000001584e00000,0x0000001584f00000)]
  0x0000017d7361b790 JavaThread "Sweeper thread" daemon [_thread_blocked, id=21144, stack(0x0000001584f00000,0x0000001585000000)]
  0x0000017d741a0010 JavaThread "Common-Cleaner" daemon [_thread_blocked, id=17140, stack(0x0000001585000000,0x0000001585100000)]
  0x0000017d741a24f0 JavaThread "Notification Thread" daemon [_thread_blocked, id=1536, stack(0x0000001585100000,0x0000001585200000)]
  0x0000017d75057500 JavaThread "Daemon health stats" [_thread_blocked, id=13440, stack(0x0000001585600000,0x0000001585700000)]
  0x0000017d7556fb80 JavaThread "Incoming local TCP Connector on port 51871" [_thread_in_native, id=16288, stack(0x0000001585700000,0x0000001585800000)]
  0x0000017d759642a0 JavaThread "Daemon periodic checks" [_thread_blocked, id=17672, stack(0x0000001585800000,0x0000001585900000)]
  0x0000017d75776530 JavaThread "Daemon" [_thread_blocked, id=21388, stack(0x0000001585900000,0x0000001585a00000)]
  0x0000017d75aa46c0 JavaThread "Handler for socket connection from /127.0.0.1:51871 to /127.0.0.1:51873" [_thread_in_native, id=13748, stack(0x0000001585a00000,0x0000001585b00000)]
  0x0000017d7542e3a0 JavaThread "Cancel handler" [_thread_blocked, id=21008, stack(0x0000001585b00000,0x0000001585c00000)]
  0x0000017d7532e850 JavaThread "Daemon worker" [_thread_blocked, id=21216, stack(0x0000001585c00000,0x0000001585d00000)]
  0x0000017d767214f0 JavaThread "Asynchronous log dispatcher for DefaultDaemonConnection: socket connection from /127.0.0.1:51871 to /127.0.0.1:51873" [_thread_blocked, id=10120, stack(0x0000001585d00000,0x0000001585e00000)]
  0x0000017d7671f340 JavaThread "Stdin handler" [_thread_blocked, id=20644, stack(0x0000001585e00000,0x0000001585f00000)]
  0x0000017d76720680 JavaThread "Daemon client event forwarder" [_thread_blocked, id=21464, stack(0x0000001585f00000,0x0000001586000000)]
  0x0000017d76721020 JavaThread "Cache worker for journal cache (C:\Users\thoma\.gradle\caches\journal-1)" [_thread_blocked, id=20832, stack(0x0000001586000000,0x0000001586100000)]
  0x0000017d76722360 JavaThread "File lock request listener" [_thread_in_native, id=20584, stack(0x0000001586100000,0x0000001586200000)]
  0x0000017d767219c0 JavaThread "Cache worker for file hash cache (C:\Users\thoma\.gradle\caches\8.0\fileHashes)" [_thread_blocked, id=19052, stack(0x0000001586200000,0x0000001586300000)]
  0x0000017d76722830 JavaThread "File watcher server" daemon [_thread_blocked, id=19980, stack(0x0000001586300000,0x0000001586400000)]
  0x0000017d7671f810 JavaThread "File watcher consumer" daemon [_thread_blocked, id=17788, stack(0x0000001586400000,0x0000001586500000)]
  0x0000017d76721e90 JavaThread "jar transforms" [_thread_blocked, id=18836, stack(0x0000001586500000,0x0000001586600000)]
  0x0000017d7671ee70 JavaThread "jar transforms Thread 2" [_thread_blocked, id=20896, stack(0x0000001586600000,0x0000001586700000)]
  0x0000017d7671fce0 JavaThread "jar transforms Thread 3" [_thread_blocked, id=18860, stack(0x0000001586700000,0x0000001586800000)]
  0x0000017d767201b0 JavaThread "jar transforms Thread 4" [_thread_blocked, id=3796, stack(0x0000001586800000,0x0000001586900000)]
  0x0000017d767de960 JavaThread "Cache worker for checksums cache (C:\Users\thoma\Desktop\Programming mobile apps\MyWaterTracker\.gradle\8.0\checksums)" [_thread_blocked, id=21448, stack(0x0000001586b00000,0x0000001586c00000)]
  0x0000017d767df300 JavaThread "Cache worker for cache directory md-rule (C:\Users\thoma\.gradle\caches\8.0\md-rule)" [_thread_blocked, id=2700, stack(0x0000001586c00000,0x0000001586d00000)]
  0x0000017d767dbe10 JavaThread "Cache worker for file content cache (C:\Users\thoma\.gradle\caches\8.0\fileContent)" [_thread_blocked, id=1568, stack(0x0000001586d00000,0x0000001586e00000)]
  0x0000017d767dee30 JavaThread "Cache worker for file hash cache (C:\Users\thoma\Desktop\Programming mobile apps\MyWaterTracker\.gradle\8.0\fileHashes)" [_thread_blocked, id=4568, stack(0x0000001586e00000,0x0000001586f00000)]
  0x0000017d767d8df0 JavaThread "Cache worker for cache directory md-supplier (C:\Users\thoma\.gradle\caches\8.0\md-supplier)" [_thread_blocked, id=8580, stack(0x0000001586f00000,0x0000001587000000)]
  0x0000017d767da600 JavaThread "Cache worker for execution history cache (C:\Users\thoma\.gradle\caches\8.0\executionHistory)" [_thread_blocked, id=21084, stack(0x0000001587000000,0x0000001587100000)]
  0x0000017d767df7d0 JavaThread "Cache worker for kotlin-dsl (C:\Users\thoma\.gradle\caches\8.0\kotlin-dsl)" [_thread_blocked, id=22012, stack(0x0000001587100000,0x0000001587200000)]
  0x0000017d767d8920 JavaThread "Cache worker for dependencies-accessors (C:\Users\thoma\Desktop\Programming mobile apps\MyWaterTracker\.gradle\8.0\dependencies-accessors)" [_thread_blocked, id=22016, stack(0x0000001587200000,0x0000001587300000)]
  0x0000017d767e0170 JavaThread "Cache worker for Build Output Cleanup Cache (C:\Users\thoma\Desktop\Programming mobile apps\MyWaterTracker\.gradle\buildOutputCleanup)" [_thread_blocked, id=22092, stack(0x0000001587300000,0x0000001587400000)]
  0x0000017d767d9790 JavaThread "Unconstrained build operations" [_thread_blocked, id=22188, stack(0x0000001587400000,0x0000001587500000)]
  0x0000017d767d9c60 JavaThread "Unconstrained build operations Thread 2" [_thread_blocked, id=22192, stack(0x0000001587500000,0x0000001587600000)]
  0x0000017d767ddfc0 JavaThread "Unconstrained build operations Thread 3" [_thread_blocked, id=22196, stack(0x0000001587600000,0x0000001587700000)]
  0x0000017d767daad0 JavaThread "Unconstrained build operations Thread 4" [_thread_blocked, id=22200, stack(0x0000001587700000,0x0000001587800000)]
  0x0000017d767dafa0 JavaThread "Unconstrained build operations Thread 5" [_thread_blocked, id=22204, stack(0x0000001587800000,0x0000001587900000)]
  0x0000017d767db940 JavaThread "Unconstrained build operations Thread 6" [_thread_blocked, id=22208, stack(0x0000001587900000,0x0000001587a00000)]
  0x0000017d767dc7b0 JavaThread "Unconstrained build operations Thread 7" [_thread_blocked, id=22212, stack(0x0000001587a00000,0x0000001587b00000)]
  0x0000017d767dd150 JavaThread "Unconstrained build operations Thread 8" [_thread_blocked, id=22216, stack(0x0000001587b00000,0x0000001587c00000)]
  0x0000017d767dd620 JavaThread "Unconstrained build operations Thread 9" [_thread_blocked, id=22220, stack(0x0000001587c00000,0x0000001587d00000)]
  0x0000017d767ddaf0 JavaThread "Unconstrained build operations Thread 10" [_thread_blocked, id=22224, stack(0x0000001587d00000,0x0000001587e00000)]
  0x0000017d767de490 JavaThread "Unconstrained build operations Thread 11" [_thread_blocked, id=22228, stack(0x0000001587e00000,0x0000001587f00000)]
  0x0000017d77072700 JavaThread "Unconstrained build operations Thread 12" [_thread_blocked, id=22232, stack(0x0000001587f00000,0x0000001588000000)]
  0x0000017d77071d60 JavaThread "Unconstrained build operations Thread 13" [_thread_blocked, id=22236, stack(0x0000001588000000,0x0000001588100000)]
  0x0000017d77070ef0 JavaThread "Unconstrained build operations Thread 14" [_thread_blocked, id=22240, stack(0x0000001588100000,0x0000001588200000)]
  0x0000017d770743e0 JavaThread "Unconstrained build operations Thread 15" [_thread_blocked, id=22244, stack(0x0000001588200000,0x0000001588300000)]
  0x0000017d77073a40 JavaThread "Unconstrained build operations Thread 16" [_thread_blocked, id=22248, stack(0x0000001588300000,0x0000001588400000)]
  0x0000017d77070550 JavaThread "Unconstrained build operations Thread 17" [_thread_blocked, id=22252, stack(0x0000001588400000,0x0000001588500000)]
  0x0000017d770713c0 JavaThread "Unconstrained build operations Thread 18" [_thread_blocked, id=22256, stack(0x0000001588500000,0x0000001588600000)]
  0x0000017d770748b0 JavaThread "Unconstrained build operations Thread 19" [_thread_blocked, id=22260, stack(0x0000001588600000,0x0000001588700000)]
  0x0000017d7706d530 JavaThread "Unconstrained build operations Thread 20" [_thread_blocked, id=22264, stack(0x0000001588700000,0x0000001588800000)]
  0x0000017d7706e870 JavaThread "Unconstrained build operations Thread 21" [_thread_blocked, id=22268, stack(0x0000001588800000,0x0000001588900000)]
  0x0000017d77073570 JavaThread "Unconstrained build operations Thread 22" [_thread_blocked, id=22272, stack(0x0000001588900000,0x0000001588a00000)]
  0x0000017d7706fbb0 JavaThread "Unconstrained build operations Thread 23" [_thread_blocked, id=22276, stack(0x0000001588a00000,0x0000001588b00000)]
  0x0000017d770730a0 JavaThread "Unconstrained build operations Thread 24" [_thread_blocked, id=22280, stack(0x0000001588b00000,0x0000001588c00000)]
  0x0000017d77071890 JavaThread "Unconstrained build operations Thread 25" [_thread_blocked, id=22284, stack(0x0000001588c00000,0x0000001588d00000)]
  0x0000017d77072230 JavaThread "Unconstrained build operations Thread 26" [_thread_blocked, id=22288, stack(0x0000001588d00000,0x0000001588e00000)]
  0x0000017d7706e3a0 JavaThread "Unconstrained build operations Thread 27" [_thread_blocked, id=22292, stack(0x0000001588e00000,0x0000001588f00000)]
  0x0000017d77072bd0 JavaThread "Unconstrained build operations Thread 28" [_thread_blocked, id=22296, stack(0x0000001588f00000,0x0000001589000000)]
  0x0000017d7706da00 JavaThread "Unconstrained build operations Thread 29" [_thread_blocked, id=22300, stack(0x0000001589000000,0x0000001589100000)]
  0x0000017d7706d060 JavaThread "Unconstrained build operations Thread 30" [_thread_blocked, id=22304, stack(0x0000001589100000,0x0000001589200000)]
  0x0000017d7706ded0 JavaThread "Unconstrained build operations Thread 31" [_thread_blocked, id=22308, stack(0x0000001589200000,0x0000001589300000)]
  0x0000017d7706f6e0 JavaThread "Unconstrained build operations Thread 32" [_thread_blocked, id=22312, stack(0x0000001589300000,0x0000001589400000)]
  0x0000017d77070080 JavaThread "Unconstrained build operations Thread 33" [_thread_blocked, id=22316, stack(0x0000001589400000,0x0000001589500000)]
  0x0000017d77070a20 JavaThread "Unconstrained build operations Thread 34" [_thread_blocked, id=22320, stack(0x0000001589500000,0x0000001589600000)]
  0x0000017d7706ed40 JavaThread "Unconstrained build operations Thread 35" [_thread_blocked, id=22324, stack(0x0000001589600000,0x0000001589700000)]
  0x0000017d77073f10 JavaThread "Unconstrained build operations Thread 36" [_thread_blocked, id=22328, stack(0x0000001589700000,0x0000001589800000)]
  0x0000017d7706f210 JavaThread "Unconstrained build operations Thread 37" [_thread_blocked, id=22332, stack(0x0000001589800000,0x0000001589900000)]
  0x0000017d76aafbc0 JavaThread "Unconstrained build operations Thread 38" [_thread_blocked, id=22336, stack(0x0000001589900000,0x0000001589a00000)]
  0x0000017d76aaf220 JavaThread "Unconstrained build operations Thread 39" [_thread_blocked, id=22340, stack(0x0000001589a00000,0x0000001589b00000)]
  0x0000017d76ab0f00 JavaThread "Unconstrained build operations Thread 40" [_thread_blocked, id=22344, stack(0x0000001589b00000,0x0000001589c00000)]

Other Threads:
=>0x0000017d735d1d30 VMThread "VM Thread" [stack: 0x0000001584600000,0x0000001584700000] [id=17116]
  0x0000017d741a29c0 WatcherThread [stack: 0x0000001585200000,0x0000001585300000] [id=13324]
  0x0000017d5a081e80 GCTaskThread "GC Thread#0" [stack: 0x0000001584100000,0x0000001584200000] [id=15064]
  0x0000017d74234c70 GCTaskThread "GC Thread#1" [stack: 0x0000001585300000,0x0000001585400000] [id=11224]
  0x0000017d747fc520 GCTaskThread "GC Thread#2" [stack: 0x0000001585400000,0x0000001585500000] [id=20956]
  0x0000017d74ced390 GCTaskThread "GC Thread#3" [stack: 0x0000001585500000,0x0000001585600000] [id=14092]
  0x0000017d5a093dd0 ConcurrentGCThread "G1 Main Marker" [stack: 0x0000001584200000,0x0000001584300000] [id=10092]
  0x0000017d5a094940 ConcurrentGCThread "G1 Conc#0" [stack: 0x0000001584300000,0x0000001584400000] [id=2628]
  0x0000017d73430090 ConcurrentGCThread "G1 Refine#0" [stack: 0x0000001584400000,0x0000001584500000] [id=17356]
  0x0000017d77065cf0 ConcurrentGCThread "G1 Refine#1" [stack: 0x0000001586900000,0x0000001586a00000] [id=6924]
  0x0000017d7678a7e0 ConcurrentGCThread "G1 Refine#2" [stack: 0x0000001586a00000,0x0000001586b00000] [id=20792]
  0x0000017d73430ab0 ConcurrentGCThread "G1 Service" [stack: 0x0000001584500000,0x0000001584600000] [id=19828]

Threads with active compile tasks:
C2 CompilerThread0    42673 6973       4       org.gradle.internal.reflect.MethodSet::add (50 bytes)

VM state: at safepoint (normal execution)

VM Mutex/Monitor currently owned by a thread:  ([mutex/lock_event])
[0x0000017d5a023170] Threads_lock - owner thread: 0x0000017d735d1d30
[0x0000017d5a024be0] Heap_lock - owner thread: 0x0000017d7532e850

Heap address: 0x0000000080000000, size: 2048 MB, Compressed Oops mode: 32-bit

CDS archive(s) not mapped
Compressed class space mapped at: 0x0000000100000000-0x0000000140000000, reserved size: 1073741824
Narrow klass base: 0x0000000000000000, Narrow klass shift: 3, Narrow klass range: 0x140000000

GC Precious Log:
 CPUs: 4 total, 4 available
 Memory: 6023M
 Large Page Support: Disabled
 NUMA Support: Disabled
 Compressed Oops: Enabled (32-bit)
 Heap Region Size: 1M
 Heap Min Capacity: 8M
 Heap Initial Capacity: 96M
 Heap Max Capacity: 2G
 Pre-touch: Disabled
 Parallel Workers: 4
 Concurrent Workers: 1
 Concurrent Refinement Workers: 4
 Periodic GC: Disabled

Heap:
 garbage-first heap   total 137216K, used 85461K [0x0000000080000000, 0x0000000100000000)
  region size 1024K, 1 young (1024K), 1 survivors (1024K)
 Metaspace       used 68693K, committed 69376K, reserved 1114112K
  class space    used 9200K, committed 9536K, reserved 1048576K

Heap Regions: E=young(eden), S=young(survivor), O=old, HS=humongous(starts), HC=humongous(continues), CS=collection set, F=free, OA=open archive, CA=closed archive, TAMS=top-at-mark-start (previous, next)
|   0|0x0000000080000000, 0x0000000080100000, 0x0000000080100000|100%| O|  |TAMS 0x0000000080100000, 0x0000000080100000| Untracked 
|   1|0x0000000080100000, 0x0000000080200000, 0x0000000080200000|100%| O|  |TAMS 0x0000000080200000, 0x0000000080200000| Untracked 
|   2|0x0000000080200000, 0x0000000080300000, 0x0000000080300000|100%|HS|  |TAMS 0x0000000080300000, 0x0000000080300000| Complete 
|   3|0x0000000080300000, 0x0000000080400000, 0x0000000080400000|100%|HC|  |TAMS 0x0000000080400000, 0x0000000080400000| Complete 
|   4|0x0000000080400000, 0x0000000080500000, 0x0000000080500000|100%|HC|  |TAMS 0x0000000080500000, 0x0000000080500000| Complete 
|   5|0x0000000080500000, 0x0000000080600000, 0x0000000080600000|100%|HC|  |TAMS 0x0000000080600000, 0x0000000080600000| Complete 
|   6|0x0000000080600000, 0x0000000080700000, 0x0000000080700000|100%| O|  |TAMS 0x0000000080700000, 0x0000000080700000| Untracked 
|   7|0x0000000080700000, 0x0000000080800000, 0x0000000080800000|100%| O|  |TAMS 0x0000000080800000, 0x0000000080800000| Untracked 
|   8|0x0000000080800000, 0x0000000080900000, 0x0000000080900000|100%| O|  |TAMS 0x0000000080900000, 0x0000000080900000| Untracked 
|   9|0x0000000080900000, 0x0000000080a00000, 0x0000000080a00000|100%| O|  |TAMS 0x0000000080a00000, 0x0000000080a00000| Untracked 
|  10|0x0000000080a00000, 0x0000000080b00000, 0x0000000080b00000|100%| O|  |TAMS 0x0000000080b00000, 0x0000000080b00000| Untracked 
|  11|0x0000000080b00000, 0x0000000080c00000, 0x0000000080c00000|100%| O|  |TAMS 0x0000000080c00000, 0x0000000080c00000| Untracked 
|  12|0x0000000080c00000, 0x0000000080d00000, 0x0000000080d00000|100%| O|  |TAMS 0x0000000080d00000, 0x0000000080d00000| Untracked 
|  13|0x0000000080d00000, 0x0000000080e00000, 0x0000000080e00000|100%| O|  |TAMS 0x0000000080e00000, 0x0000000080e00000| Untracked 
|  14|0x0000000080e00000, 0x0000000080f00000, 0x0000000080f00000|100%| O|  |TAMS 0x0000000080f00000, 0x0000000080f00000| Untracked 
|  15|0x0000000080f00000, 0x0000000081000000, 0x0000000081000000|100%| O|  |TAMS 0x0000000081000000, 0x0000000081000000| Untracked 
|  16|0x0000000081000000, 0x0000000081100000, 0x0000000081100000|100%| O|  |TAMS 0x0000000081100000, 0x0000000081100000| Untracked 
|  17|0x0000000081100000, 0x0000000081200000, 0x0000000081200000|100%| O|  |TAMS 0x0000000081200000, 0x0000000081200000| Untracked 
|  18|0x0000000081200000, 0x0000000081300000, 0x0000000081300000|100%| O|  |TAMS 0x0000000081300000, 0x0000000081300000| Untracked 
|  19|0x0000000081300000, 0x0000000081400000, 0x0000000081400000|100%|HS|  |TAMS 0x0000000081400000, 0x0000000081400000| Complete 
|  20|0x0000000081400000, 0x0000000081500000, 0x0000000081500000|100%|HC|  |TAMS 0x0000000081500000, 0x0000000081500000| Complete 
|  21|0x0000000081500000, 0x0000000081600000, 0x0000000081600000|100%|HS|  |TAMS 0x0000000081600000, 0x0000000081600000| Complete 
|  22|0x0000000081600000, 0x0000000081700000, 0x0000000081700000|100%|HC|  |TAMS 0x0000000081700000, 0x0000000081700000| Complete 
|  23|0x0000000081700000, 0x0000000081800000, 0x0000000081800000|100%|HC|  |TAMS 0x0000000081800000, 0x0000000081800000| Complete 
|  24|0x0000000081800000, 0x0000000081900000, 0x0000000081900000|100%| O|  |TAMS 0x0000000081900000, 0x0000000081900000| Untracked 
|  25|0x0000000081900000, 0x0000000081a00000, 0x0000000081a00000|100%| O|  |TAMS 0x0000000081a00000, 0x0000000081a00000| Untracked 
|  26|0x0000000081a00000, 0x0000000081b00000, 0x0000000081b00000|100%| O|  |TAMS 0x0000000081b00000, 0x0000000081b00000| Untracked 
|  27|0x0000000081b00000, 0x0000000081c00000, 0x0000000081c00000|100%|HS|  |TAMS 0x0000000081c00000, 0x0000000081c00000| Complete 
|  28|0x0000000081c00000, 0x0000000081d00000, 0x0000000081d00000|100%|HC|  |TAMS 0x0000000081d00000, 0x0000000081d00000| Complete 
|  29|0x0000000081d00000, 0x0000000081d00000, 0x0000000081e00000|  0%| F|  |TAMS 0x0000000081d00000, 0x0000000081d00000| Untracked 
|  30|0x0000000081e00000, 0x0000000081f00000, 0x0000000081f00000|100%| O|  |TAMS 0x0000000081f00000, 0x0000000081f00000| Untracked 
|  31|0x0000000081f00000, 0x0000000082000000, 0x0000000082000000|100%|HS|  |TAMS 0x0000000081f00000, 0x0000000082000000| Complete 
|  32|0x0000000082000000, 0x0000000082100000, 0x0000000082100000|100%|HS|  |TAMS 0x0000000082100000, 0x0000000082100000| Complete 
|  33|0x0000000082100000, 0x0000000082200000, 0x0000000082200000|100%|HC|  |TAMS 0x0000000082200000, 0x0000000082200000| Complete 
|  34|0x0000000082200000, 0x0000000082300000, 0x0000000082300000|100%| O|  |TAMS 0x0000000082300000, 0x0000000082300000| Untracked 
|  35|0x0000000082300000, 0x0000000082400000, 0x0000000082400000|100%| O|  |TAMS 0x0000000082400000, 0x0000000082400000| Untracked 
|  36|0x0000000082400000, 0x0000000082500000, 0x0000000082500000|100%| O|  |TAMS 0x0000000082500000, 0x0000000082500000| Untracked 
|  37|0x0000000082500000, 0x0000000082600000, 0x0000000082600000|100%| O|  |TAMS 0x0000000082600000, 0x0000000082600000| Untracked 
|  38|0x0000000082600000, 0x0000000082700000, 0x0000000082700000|100%| O|  |TAMS 0x0000000082700000, 0x0000000082700000| Untracked 
|  39|0x0000000082700000, 0x0000000082800000, 0x0000000082800000|100%| O|  |TAMS 0x0000000082800000, 0x0000000082800000| Untracked 
|  40|0x0000000082800000, 0x0000000082900000, 0x0000000082900000|100%| O|  |TAMS 0x0000000082900000, 0x0000000082900000| Untracked 
|  41|0x0000000082900000, 0x0000000082a00000, 0x0000000082a00000|100%|HS|  |TAMS 0x0000000082a00000, 0x0000000082a00000| Complete 
|  42|0x0000000082a00000, 0x0000000082b00000, 0x0000000082b00000|100%|HC|  |TAMS 0x0000000082b00000, 0x0000000082b00000| Complete 
|  43|0x0000000082b00000, 0x0000000082c00000, 0x0000000082c00000|100%|HC|  |TAMS 0x0000000082c00000, 0x0000000082c00000| Complete 
|  44|0x0000000082c00000, 0x0000000082d00000, 0x0000000082d00000|100%| O|  |TAMS 0x0000000082d00000, 0x0000000082d00000| Untracked 
|  45|0x0000000082d00000, 0x0000000082e00000, 0x0000000082e00000|100%| O|  |TAMS 0x0000000082e00000, 0x0000000082e00000| Untracked 
|  46|0x0000000082e00000, 0x0000000082f00000, 0x0000000082f00000|100%|HS|  |TAMS 0x0000000082f00000, 0x0000000082f00000| Complete 
|  47|0x0000000082f00000, 0x0000000083000000, 0x0000000083000000|100%|HC|  |TAMS 0x0000000083000000, 0x0000000083000000| Complete 
|  48|0x0000000083000000, 0x0000000083100000, 0x0000000083100000|100%|HC|  |TAMS 0x0000000083100000, 0x0000000083100000| Complete 
|  49|0x0000000083100000, 0x0000000083200000, 0x0000000083200000|100%|HC|  |TAMS 0x0000000083200000, 0x0000000083200000| Complete 
|  50|0x0000000083200000, 0x0000000083300000, 0x0000000083300000|100%|HC|  |TAMS 0x0000000083300000, 0x0000000083300000| Complete 
|  51|0x0000000083300000, 0x0000000083400000, 0x0000000083400000|100%|HC|  |TAMS 0x0000000083400000, 0x0000000083400000| Complete 
|  52|0x0000000083400000, 0x0000000083500000, 0x0000000083500000|100%|HC|  |TAMS 0x0000000083500000, 0x0000000083500000| Complete 
|  53|0x0000000083500000, 0x0000000083600000, 0x0000000083600000|100%|HC|  |TAMS 0x0000000083600000, 0x0000000083600000| Complete 
|  54|0x0000000083600000, 0x0000000083700000, 0x0000000083700000|100%|HC|  |TAMS 0x0000000083700000, 0x0000000083700000| Complete 
|  55|0x0000000083700000, 0x0000000083800000, 0x0000000083800000|100%|HC|  |TAMS 0x0000000083800000, 0x0000000083800000| Complete 
|  56|0x0000000083800000, 0x0000000083900000, 0x0000000083900000|100%|HC|  |TAMS 0x0000000083900000, 0x0000000083900000| Complete 
|  57|0x0000000083900000, 0x0000000083a00000, 0x0000000083a00000|100%|HC|  |TAMS 0x0000000083a00000, 0x0000000083a00000| Complete 
|  58|0x0000000083a00000, 0x0000000083b00000, 0x0000000083b00000|100%| O|  |TAMS 0x0000000083b00000, 0x0000000083b00000| Untracked 
|  59|0x0000000083b00000, 0x0000000083c00000, 0x0000000083c00000|100%|HS|  |TAMS 0x0000000083c00000, 0x0000000083c00000| Complete 
|  60|0x0000000083c00000, 0x0000000083d00000, 0x0000000083d00000|100%|HC|  |TAMS 0x0000000083d00000, 0x0000000083d00000| Complete 
|  61|0x0000000083d00000, 0x0000000083e00000, 0x0000000083e00000|100%| O|  |TAMS 0x0000000083e00000, 0x0000000083e00000| Untracked 
|  62|0x0000000083e00000, 0x0000000083f00000, 0x0000000083f00000|100%| O|  |TAMS 0x0000000083f00000, 0x0000000083f00000| Untracked 
|  63|0x0000000083f00000, 0x0000000084000000, 0x0000000084000000|100%| O|  |TAMS 0x0000000084000000, 0x0000000084000000| Untracked 
|  64|0x0000000084000000, 0x0000000084100000, 0x0000000084100000|100%| O|  |TAMS 0x0000000084100000, 0x0000000084100000| Untracked 
|  65|0x0000000084100000, 0x0000000084200000, 0x0000000084200000|100%| O|  |TAMS 0x0000000084200000, 0x0000000084200000| Untracked 
|  66|0x0000000084200000, 0x0000000084300000, 0x0000000084300000|100%| O|  |TAMS 0x0000000084300000, 0x0000000084300000| Untracked 
|  67|0x0000000084300000, 0x0000000084400000, 0x0000000084400000|100%| O|  |TAMS 0x0000000084400000, 0x0000000084400000| Untracked 
|  68|0x0000000084400000, 0x0000000084500000, 0x0000000084500000|100%| O|  |TAMS 0x0000000084500000, 0x0000000084500000| Untracked 
|  69|0x0000000084500000, 0x0000000084600000, 0x0000000084600000|100%| O|  |TAMS 0x0000000084600000, 0x0000000084600000| Untracked 
|  70|0x0000000084600000, 0x0000000084700000, 0x0000000084700000|100%| O|  |TAMS 0x0000000084700000, 0x0000000084700000| Untracked 
|  71|0x0000000084700000, 0x0000000084800000, 0x0000000084800000|100%| O|  |TAMS 0x0000000084800000, 0x0000000084800000| Untracked 
|  72|0x0000000084800000, 0x0000000084900000, 0x0000000084900000|100%| O|  |TAMS 0x0000000084900000, 0x0000000084900000| Untracked 
|  73|0x0000000084900000, 0x0000000084a00000, 0x0000000084a00000|100%| O|  |TAMS 0x0000000084998a00, 0x0000000084a00000| Untracked 
|  74|0x0000000084a00000, 0x0000000084b00000, 0x0000000084b00000|100%|HS|  |TAMS 0x0000000084a00000, 0x0000000084b00000| Complete 
|  75|0x0000000084b00000, 0x0000000084c00000, 0x0000000084c00000|100%|HS|  |TAMS 0x0000000084b00000, 0x0000000084c00000| Complete 
|  76|0x0000000084c00000, 0x0000000084d00000, 0x0000000084d00000|100%| O|  |TAMS 0x0000000084c00000, 0x0000000084d00000| Untracked 
|  77|0x0000000084d00000, 0x0000000084e00000, 0x0000000084e00000|100%| O|  |TAMS 0x0000000084d00000, 0x0000000084e00000| Untracked 
|  78|0x0000000084e00000, 0x0000000084f00000, 0x0000000084f00000|100%| O|  |TAMS 0x0000000084e00000, 0x0000000084f00000| Untracked 
|  79|0x0000000084f00000, 0x0000000085000000, 0x0000000085000000|100%| O|  |TAMS 0x0000000084f00000, 0x0000000085000000| Untracked 
|  80|0x0000000085000000, 0x0000000085100000, 0x0000000085100000|100%| O|  |TAMS 0x0000000085000000, 0x0000000085100000| Untracked 
|  81|0x0000000085100000, 0x0000000085200000, 0x0000000085200000|100%| O|  |TAMS 0x0000000085100000, 0x0000000085200000| Untracked 
|  82|0x0000000085200000, 0x0000000085300000, 0x0000000085300000|100%| O|  |TAMS 0x0000000085200000, 0x0000000085300000| Untracked 
|  83|0x0000000085300000, 0x000000008538fc00, 0x0000000085400000| 56%| O|  |TAMS 0x0000000085300000, 0x000000008538fc00| Untracked 
|  84|0x0000000085400000, 0x0000000085400000, 0x0000000085500000|  0%| F|  |TAMS 0x0000000085400000, 0x0000000085400000| Untracked 
|  85|0x0000000085500000, 0x0000000085500000, 0x0000000085600000|  0%| F|  |TAMS 0x0000000085500000, 0x0000000085500000| Untracked 
|  86|0x0000000085600000, 0x0000000085600000, 0x0000000085700000|  0%| F|  |TAMS 0x0000000085600000, 0x0000000085600000| Untracked 
|  87|0x0000000085700000, 0x0000000085700000, 0x0000000085800000|  0%| F|  |TAMS 0x0000000085700000, 0x0000000085700000| Untracked 
|  88|0x0000000085800000, 0x0000000085800000, 0x0000000085900000|  0%| F|  |TAMS 0x0000000085800000, 0x0000000085800000| Untracked 
|  89|0x0000000085900000, 0x0000000085900000, 0x0000000085a00000|  0%| F|  |TAMS 0x0000000085900000, 0x0000000085900000| Untracked 
|  90|0x0000000085a00000, 0x0000000085a00000, 0x0000000085b00000|  0%| F|  |TAMS 0x0000000085a00000, 0x0000000085a00000| Untracked 
|  91|0x0000000085b00000, 0x0000000085b00000, 0x0000000085c00000|  0%| F|  |TAMS 0x0000000085b00000, 0x0000000085b00000| Untracked 
|  92|0x0000000085c00000, 0x0000000085c00000, 0x0000000085d00000|  0%| F|  |TAMS 0x0000000085c00000, 0x0000000085c00000| Untracked 
|  93|0x0000000085d00000, 0x0000000085d00000, 0x0000000085e00000|  0%| F|  |TAMS 0x0000000085d00000, 0x0000000085d00000| Untracked 
|  94|0x0000000085e00000, 0x0000000085e00000, 0x0000000085f00000|  0%| F|  |TAMS 0x0000000085e00000, 0x0000000085e00000| Untracked 
|  95|0x0000000085f00000, 0x0000000085f00000, 0x0000000086000000|  0%| F|  |TAMS 0x0000000085f00000, 0x0000000085f00000| Untracked 
|  96|0x0000000086000000, 0x0000000086000000, 0x0000000086100000|  0%| F|  |TAMS 0x0000000086000000, 0x0000000086000000| Untracked 
|  97|0x0000000086100000, 0x0000000086100000, 0x0000000086200000|  0%| F|  |TAMS 0x0000000086100000, 0x0000000086100000| Untracked 
|  98|0x0000000086200000, 0x0000000086200000, 0x0000000086300000|  0%| F|  |TAMS 0x0000000086200000, 0x0000000086200000| Untracked 
|  99|0x0000000086300000, 0x0000000086300000, 0x0000000086400000|  0%| F|  |TAMS 0x0000000086300000, 0x0000000086300000| Untracked 
| 100|0x0000000086400000, 0x0000000086400000, 0x0000000086500000|  0%| F|  |TAMS 0x0000000086400000, 0x0000000086400000| Untracked 
| 101|0x0000000086500000, 0x0000000086500000, 0x0000000086600000|  0%| F|  |TAMS 0x0000000086500000, 0x0000000086500000| Untracked 
| 102|0x0000000086600000, 0x0000000086600000, 0x0000000086700000|  0%| F|  |TAMS 0x0000000086600000, 0x0000000086600000| Untracked 
| 103|0x0000000086700000, 0x0000000086700000, 0x0000000086800000|  0%| F|  |TAMS 0x0000000086700000, 0x0000000086700000| Untracked 
| 104|0x0000000086800000, 0x0000000086800000, 0x0000000086900000|  0%| F|  |TAMS 0x0000000086800000, 0x0000000086800000| Untracked 
| 105|0x0000000086900000, 0x0000000086900000, 0x0000000086a00000|  0%| F|  |TAMS 0x0000000086900000, 0x0000000086900000| Untracked 
| 106|0x0000000086a00000, 0x0000000086a00000, 0x0000000086b00000|  0%| F|  |TAMS 0x0000000086a00000, 0x0000000086a00000| Untracked 
| 107|0x0000000086b00000, 0x0000000086b00000, 0x0000000086c00000|  0%| F|  |TAMS 0x0000000086b00000, 0x0000000086b00000| Untracked 
| 108|0x0000000086c00000, 0x0000000086ce5830, 0x0000000086d00000| 89%| S|CS|TAMS 0x0000000086c00000, 0x0000000086c00000| Complete 
| 109|0x0000000086d00000, 0x0000000086d00000, 0x0000000086e00000|  0%| F|  |TAMS 0x0000000086d00000, 0x0000000086d00000| Untracked 
| 110|0x0000000086e00000, 0x0000000086e00000, 0x0000000086f00000|  0%| F|  |TAMS 0x0000000086e00000, 0x0000000086e00000| Untracked 
| 111|0x0000000086f00000, 0x0000000086f00000, 0x0000000087000000|  0%| F|  |TAMS 0x0000000086f00000, 0x0000000086f00000| Untracked 
| 112|0x0000000087000000, 0x0000000087000000, 0x0000000087100000|  0%| F|  |TAMS 0x0000000087000000, 0x0000000087000000| Untracked 
| 113|0x0000000087100000, 0x0000000087100000, 0x0000000087200000|  0%| F|  |TAMS 0x0000000087100000, 0x0000000087100000| Untracked 
| 114|0x0000000087200000, 0x0000000087200000, 0x0000000087300000|  0%| F|  |TAMS 0x0000000087200000, 0x0000000087200000| Untracked 
| 115|0x0000000087300000, 0x0000000087300000, 0x0000000087400000|  0%| F|  |TAMS 0x0000000087300000, 0x0000000087300000| Untracked 
| 116|0x0000000087400000, 0x0000000087400000, 0x0000000087500000|  0%| F|  |TAMS 0x0000000087400000, 0x0000000087400000| Untracked 
| 117|0x0000000087500000, 0x0000000087500000, 0x0000000087600000|  0%| F|  |TAMS 0x0000000087500000, 0x0000000087500000| Untracked 
| 118|0x0000000087600000, 0x0000000087600000, 0x0000000087700000|  0%| F|  |TAMS 0x0000000087600000, 0x0000000087600000| Untracked 
| 119|0x0000000087700000, 0x0000000087700000, 0x0000000087800000|  0%| F|  |TAMS 0x0000000087700000, 0x0000000087700000| Untracked 
| 120|0x0000000087800000, 0x0000000087800000, 0x0000000087900000|  0%| F|  |TAMS 0x0000000087800000, 0x0000000087800000| Untracked 
| 121|0x0000000087900000, 0x0000000087900000, 0x0000000087a00000|  0%| F|  |TAMS 0x0000000087900000, 0x0000000087900000| Untracked 
| 122|0x0000000087a00000, 0x0000000087a00000, 0x0000000087b00000|  0%| F|  |TAMS 0x0000000087a00000, 0x0000000087a00000| Untracked 
| 123|0x0000000087b00000, 0x0000000087b00000, 0x0000000087c00000|  0%| F|  |TAMS 0x0000000087b00000, 0x0000000087b00000| Untracked 
| 124|0x0000000087c00000, 0x0000000087c00000, 0x0000000087d00000|  0%| F|  |TAMS 0x0000000087c00000, 0x0000000087c00000| Untracked 
| 125|0x0000000087d00000, 0x0000000087d00000, 0x0000000087e00000|  0%| F|  |TAMS 0x0000000087d00000, 0x0000000087d00000| Untracked 
| 126|0x0000000087e00000, 0x0000000087e00000, 0x0000000087f00000|  0%| F|  |TAMS 0x0000000087e00000, 0x0000000087e00000| Untracked 
| 127|0x0000000087f00000, 0x0000000087f00000, 0x0000000088000000|  0%| F|  |TAMS 0x0000000087f00000, 0x0000000087f00000| Untracked 
| 128|0x0000000088000000, 0x0000000088000000, 0x0000000088100000|  0%| F|  |TAMS 0x0000000088000000, 0x0000000088000000| Untracked 
| 129|0x0000000088100000, 0x0000000088100000, 0x0000000088200000|  0%| F|  |TAMS 0x0000000088100000, 0x0000000088100000| Untracked 
| 130|0x0000000088200000, 0x0000000088200000, 0x0000000088300000|  0%| F|  |TAMS 0x0000000088200000, 0x0000000088200000| Untracked 
| 131|0x0000000088300000, 0x0000000088300000, 0x0000000088400000|  0%| F|  |TAMS 0x0000000088300000, 0x0000000088300000| Untracked 
| 132|0x0000000088400000, 0x0000000088400000, 0x0000000088500000|  0%| F|  |TAMS 0x0000000088400000, 0x0000000088400000| Untracked 
| 133|0x0000000088500000, 0x0000000088500000, 0x0000000088600000|  0%| F|  |TAMS 0x0000000088500000, 0x0000000088500000| Untracked 

Card table byte_map: [0x0000017d6c8f0000,0x0000017d6ccf0000] _byte_map_base: 0x0000017d6c4f0000

Marking Bits (Prev, Next): (CMBitMap*) 0x0000017d5a0834e0, (CMBitMap*) 0x0000017d5a0834a0
 Prev Bits: [0x0000017d6f0f0000, 0x0000017d710f0000)
 Next Bits: [0x0000017d6d0f0000, 0x0000017d6f0f0000)

Polling page: 0x0000017d581c0000

Metaspace:

Usage:
  Non-class:     58.10 MB used.
      Class:      8.99 MB used.
       Both:     67.08 MB used.

Virtual space:
  Non-class space:       64.00 MB reserved,      58.44 MB ( 91%) committed,  8 nodes.
      Class space:        1.00 GB reserved,       9.31 MB ( <1%) committed,  1 nodes.
             Both:        1.06 GB reserved,      67.75 MB (  6%) committed. 

Chunk freelists:
   Non-Class:  1.12 MB
       Class:  2.65 MB
        Both:  3.78 MB

MaxMetaspaceSize: unlimited
CompressedClassSpaceSize: 1.00 GB
Initial GC threshold: 21.00 MB
Current GC threshold: 103.75 MB
CDS: off
MetaspaceReclaimPolicy: balanced
 - commit_granule_bytes: 65536.
 - commit_granule_words: 8192.
 - virtual_space_node_default_size: 1048576.
 - enlarge_chunks_in_place: 1.
 - new_chunks_are_fully_committed: 0.
 - uncommit_free_chunks: 1.
 - use_allocation_guard: 0.
 - handle_deallocations: 1.


Internal statistics:

num_allocs_failed_limit: 3.
num_arena_births: 794.
num_arena_deaths: 0.
num_vsnodes_births: 9.
num_vsnodes_deaths: 0.
num_space_committed: 1084.
num_space_uncommitted: 0.
num_chunks_returned_to_freelist: 3.
num_chunks_taken_from_freelist: 3203.
num_chunk_merges: 3.
num_chunk_splits: 2137.
num_chunks_enlarged: 1464.
num_purges: 0.
num_inconsistent_stats: 0.

CodeHeap 'non-profiled nmethods': size=120000Kb used=3014Kb max_used=3429Kb free=116985Kb
 bounds [0x0000017d64fc0000, 0x0000017d65330000, 0x0000017d6c4f0000]
CodeHeap 'profiled nmethods': size=120000Kb used=11963Kb max_used=12384Kb free=108036Kb
 bounds [0x0000017d5d4f0000, 0x0000017d5e120000, 0x0000017d64a20000]
CodeHeap 'non-nmethods': size=5760Kb used=2351Kb max_used=2383Kb free=3408Kb
 bounds [0x0000017d64a20000, 0x0000017d64c90000, 0x0000017d64fc0000]
 total_blobs=7035 nmethods=6156 adapters=791
 compilation: enabled
              stopped_count=0, restarted_count=0
 full_count=0

Compilation events (20 events):
Event: 42.551 Thread 0x0000017d7400b660 6982       3       com.google.common.base.Preconditions::checkArgument (29 bytes)
Event: 42.551 Thread 0x0000017d7400b660 nmethod 6982 0x0000017d5d5e1910 code [0x0000017d5d5e1ae0, 0x0000017d5d5e2078]
Event: 42.552 Thread 0x0000017d7400b660 6983       3       com.google.common.reflect.TypeResolver$TypeTable::resolveInternal (105 bytes)
Event: 42.553 Thread 0x0000017d7400b660 nmethod 6983 0x0000017d5d560290 code [0x0000017d5d560560, 0x0000017d5d561488]
Event: 42.553 Thread 0x0000017d7400b660 6984       3       com.google.common.reflect.TypeResolver::<init> (6 bytes)
Event: 42.553 Thread 0x0000017d7400b660 nmethod 6984 0x0000017d5d5e1410 code [0x0000017d5d5e15c0, 0x0000017d5d5e17d8]
Event: 42.576 Thread 0x0000017d7400b660 6985       3       sun.reflect.annotation.AnnotationParser::parseArray (220 bytes)
Event: 42.578 Thread 0x0000017d7400b660 nmethod 6985 0x0000017d5d55eb90 code [0x0000017d5d55ef00, 0x0000017d5d55fe58]
Event: 42.579 Thread 0x0000017d7400b660 6986       3       com.google.common.collect.ImmutableCollection::toArray (8 bytes)
Event: 42.579 Thread 0x0000017d7400b660 nmethod 6986 0x0000017d5d5e0e10 code [0x0000017d5d5e0fc0, 0x0000017d5d5e1108]
Event: 42.580 Thread 0x0000017d7400b660 6987       3       com.google.common.collect.Iterables::toArray (13 bytes)
Event: 42.580 Thread 0x0000017d7400b660 nmethod 6987 0x0000017d5d55dd90 code [0x0000017d5d55dfa0, 0x0000017d5d55e808]
Event: 42.581 Thread 0x0000017d7400b660 6988       3       org.gradle.internal.service.DefaultServiceRegistry$ManagedObjectServiceProvider::setInstance (18 bytes)
Event: 42.581 Thread 0x0000017d7400b660 nmethod 6988 0x0000017d5d6bb290 code [0x0000017d5d6bb440, 0x0000017d5d6bb608]
Event: 42.594 Thread 0x0000017d7400b660 6989       3       org.gradle.api.internal.DefaultMutationGuard::removeThreadLocalStateIfMutationAllowed (12 bytes)
Event: 42.594 Thread 0x0000017d7400b660 nmethod 6989 0x0000017d5d6bae10 code [0x0000017d5d6bafc0, 0x0000017d5d6bb1c8]
Event: 42.597 Thread 0x0000017d7400b660 6990       3       org.gradle.api.internal.DefaultMutationGuard$GuardState::initialValue (5 bytes)
Event: 42.598 Thread 0x0000017d7400b660 nmethod 6990 0x0000017d5d6baa10 code [0x0000017d5d6baba0, 0x0000017d5d6bad18]
Event: 42.598 Thread 0x0000017d7400b660 6991       1       org.gradle.api.services.internal.DefaultBuildServicesRegistry$DefaultServiceRegistration::getName (5 bytes)
Event: 42.598 Thread 0x0000017d7400b660 nmethod 6991 0x0000017d651cfd90 code [0x0000017d651cff20, 0x0000017d651cfff8]

GC Heap History (20 events):
Event: 30.240 GC heap after
{Heap after GC invocations=26 (full 0):
 garbage-first heap   total 116736K, used 67060K [0x0000000080000000, 0x0000000100000000)
  region size 1024K, 2 young (2048K), 2 survivors (2048K)
 Metaspace       used 49740K, committed 50240K, reserved 1097728K
  class space    used 6514K, committed 6720K, reserved 1048576K
}
Event: 30.947 GC heap before
{Heap before GC invocations=26 (full 0):
 garbage-first heap   total 116736K, used 90612K [0x0000000080000000, 0x0000000100000000)
  region size 1024K, 25 young (25600K), 2 survivors (2048K)
 Metaspace       used 52044K, committed 52608K, reserved 1097728K
  class space    used 6912K, committed 7168K, reserved 1048576K
}
Event: 30.956 GC heap after
{Heap after GC invocations=27 (full 0):
 garbage-first heap   total 116736K, used 68541K [0x0000000080000000, 0x0000000100000000)
  region size 1024K, 4 young (4096K), 4 survivors (4096K)
 Metaspace       used 52044K, committed 52608K, reserved 1097728K
  class space    used 6912K, committed 7168K, reserved 1048576K
}
Event: 31.876 GC heap before
{Heap before GC invocations=28 (full 0):
 garbage-first heap   total 121856K, used 92093K [0x0000000080000000, 0x0000000100000000)
  region size 1024K, 27 young (27648K), 4 survivors (4096K)
 Metaspace       used 55128K, committed 55680K, reserved 1097728K
  class space    used 7418K, committed 7680K, reserved 1048576K
}
Event: 31.886 GC heap after
{Heap after GC invocations=29 (full 0):
 garbage-first heap   total 121856K, used 70489K [0x0000000080000000, 0x0000000100000000)
  region size 1024K, 4 young (4096K), 4 survivors (4096K)
 Metaspace       used 55128K, committed 55680K, reserved 1097728K
  class space    used 7418K, committed 7680K, reserved 1048576K
}
Event: 31.930 GC heap before
{Heap before GC invocations=29 (full 0):
 garbage-first heap   total 121856K, used 71513K [0x0000000080000000, 0x0000000100000000)
  region size 1024K, 5 young (5120K), 4 survivors (4096K)
 Metaspace       used 55263K, committed 55872K, reserved 1097728K
  class space    used 7437K, committed 7680K, reserved 1048576K
}
Event: 31.937 GC heap after
{Heap after GC invocations=30 (full 0):
 garbage-first heap   total 121856K, used 70899K [0x0000000080000000, 0x0000000100000000)
  region size 1024K, 1 young (1024K), 1 survivors (1024K)
 Metaspace       used 55263K, committed 55872K, reserved 1097728K
  class space    used 7437K, committed 7680K, reserved 1048576K
}
Event: 34.449 GC heap before
{Heap before GC invocations=30 (full 0):
 garbage-first heap   total 121856K, used 98547K [0x0000000080000000, 0x0000000100000000)
  region size 1024K, 28 young (28672K), 1 survivors (1024K)
 Metaspace       used 58025K, committed 58688K, reserved 1105920K
  class space    used 7850K, committed 8128K, reserved 1048576K
}
Event: 34.457 GC heap after
{Heap after GC invocations=31 (full 0):
 garbage-first heap   total 121856K, used 72808K [0x0000000080000000, 0x0000000100000000)
  region size 1024K, 3 young (3072K), 3 survivors (3072K)
 Metaspace       used 58025K, committed 58688K, reserved 1105920K
  class space    used 7850K, committed 8128K, reserved 1048576K
}
Event: 37.329 GC heap before
{Heap before GC invocations=32 (full 0):
 garbage-first heap   total 124928K, used 97384K [0x0000000080000000, 0x0000000100000000)
  region size 1024K, 28 young (28672K), 3 survivors (3072K)
 Metaspace       used 59657K, committed 60288K, reserved 1105920K
  class space    used 8046K, committed 8320K, reserved 1048576K
}
Event: 37.339 GC heap after
{Heap after GC invocations=33 (full 0):
 garbage-first heap   total 124928K, used 74781K [0x0000000080000000, 0x0000000100000000)
  region size 1024K, 3 young (3072K), 3 survivors (3072K)
 Metaspace       used 59657K, committed 60288K, reserved 1105920K
  class space    used 8046K, committed 8320K, reserved 1048576K
}
Event: 37.494 GC heap before
{Heap before GC invocations=33 (full 0):
 garbage-first heap   total 124928K, used 76829K [0x0000000080000000, 0x0000000100000000)
  region size 1024K, 6 young (6144K), 3 survivors (3072K)
 Metaspace       used 60063K, committed 60672K, reserved 1105920K
  class space    used 8102K, committed 8384K, reserved 1048576K
}
Event: 37.502 GC heap after
{Heap after GC invocations=34 (full 0):
 garbage-first heap   total 124928K, used 74706K [0x0000000080000000, 0x0000000100000000)
  region size 1024K, 1 young (1024K), 1 survivors (1024K)
 Metaspace       used 60063K, committed 60672K, reserved 1105920K
  class space    used 8102K, committed 8384K, reserved 1048576K
}
Event: 39.131 GC heap before
{Heap before GC invocations=34 (full 0):
 garbage-first heap   total 124928K, used 99282K [0x0000000080000000, 0x0000000100000000)
  region size 1024K, 26 young (26624K), 1 survivors (1024K)
 Metaspace       used 63067K, committed 63744K, reserved 1105920K
  class space    used 8486K, committed 8768K, reserved 1048576K
}
Event: 39.138 GC heap after
{Heap after GC invocations=35 (full 0):
 garbage-first heap   total 124928K, used 76324K [0x0000000080000000, 0x0000000100000000)
  region size 1024K, 2 young (2048K), 2 survivors (2048K)
 Metaspace       used 63067K, committed 63744K, reserved 1105920K
  class space    used 8486K, committed 8768K, reserved 1048576K
}
Event: 41.012 GC heap before
{Heap before GC invocations=36 (full 0):
 garbage-first heap   total 137216K, used 104996K [0x0000000080000000, 0x0000000100000000)
  region size 1024K, 27 young (27648K), 2 survivors (2048K)
 Metaspace       used 65060K, committed 65664K, reserved 1114112K
  class space    used 8759K, committed 9024K, reserved 1048576K
}
Event: 41.018 GC heap after
{Heap after GC invocations=37 (full 0):
 garbage-first heap   total 137216K, used 84937K [0x0000000080000000, 0x0000000100000000)
  region size 1024K, 4 young (4096K), 4 survivors (4096K)
 Metaspace       used 65060K, committed 65664K, reserved 1114112K
  class space    used 8759K, committed 9024K, reserved 1048576K
}
Event: 41.268 GC heap before
{Heap before GC invocations=37 (full 0):
 garbage-first heap   total 137216K, used 86985K [0x0000000080000000, 0x0000000100000000)
  region size 1024K, 6 young (6144K), 4 survivors (4096K)
 Metaspace       used 65277K, committed 65920K, reserved 1114112K
  class space    used 8792K, committed 9088K, reserved 1048576K
}
Event: 41.273 GC heap after
{Heap after GC invocations=38 (full 0):
 garbage-first heap   total 137216K, used 84928K [0x0000000080000000, 0x0000000100000000)
  region size 1024K, 1 young (1024K), 1 survivors (1024K)
 Metaspace       used 65277K, committed 65920K, reserved 1114112K
  class space    used 8792K, committed 9088K, reserved 1048576K
}
Event: 42.604 GC heap before
{Heap before GC invocations=38 (full 0):
 garbage-first heap   total 137216K, used 109503K [0x0000000080000000, 0x0000000100000000)
  region size 1024K, 25 young (25600K), 1 survivors (1024K)
 Metaspace       used 68693K, committed 69376K, reserved 1114112K
  class space    used 9200K, committed 9536K, reserved 1048576K
}

Dll operation events (2 events):
Event: 0.226 Loaded shared library C:\Program Files\Android\Android Studio\jbr\bin\java.dll
Event: 3.093 Loaded shared library C:\Program Files\Android\Android Studio\jbr\bin\verify.dll

Deoptimization events (20 events):
Event: 41.579 Thread 0x0000017d7532e850 Uncommon trap: trap_request=0xffffffc6 fr.pc=0x0000017d650822c8 relative=0x0000000000000c48
Event: 41.579 Thread 0x0000017d7532e850 Uncommon trap: reason=bimorphic_or_optimized_type_check action=maybe_recompile pc=0x0000017d650822c8 method=java.util.Properties$LineReader.readLine()I @ 479 c2
Event: 41.579 Thread 0x0000017d7532e850 DEOPT PACKING pc=0x0000017d650822c8 sp=0x0000001585cf66e0
Event: 41.579 Thread 0x0000017d7532e850 DEOPT UNPACKING pc=0x0000017d64a769a3 sp=0x0000001585cf6678 mode 2
Event: 41.579 Thread 0x0000017d7532e850 Uncommon trap: trap_request=0xffffffde fr.pc=0x0000017d651cdbe8 relative=0x0000000000000868
Event: 41.579 Thread 0x0000017d7532e850 Uncommon trap: reason=class_check action=maybe_recompile pc=0x0000017d651cdbe8 method=java.io.BufferedInputStream.read1([BII)I @ 39 c2
Event: 41.579 Thread 0x0000017d7532e850 DEOPT PACKING pc=0x0000017d651cdbe8 sp=0x0000001585cf65d0
Event: 41.579 Thread 0x0000017d7532e850 DEOPT UNPACKING pc=0x0000017d64a769a3 sp=0x0000001585cf64e8 mode 2
Event: 41.579 Thread 0x0000017d7532e850 Uncommon trap: trap_request=0xffffffde fr.pc=0x0000017d651cdbe8 relative=0x0000000000000868
Event: 41.580 Thread 0x0000017d7532e850 Uncommon trap: reason=class_check action=maybe_recompile pc=0x0000017d651cdbe8 method=java.io.BufferedInputStream.read1([BII)I @ 39 c2
Event: 41.580 Thread 0x0000017d7532e850 DEOPT PACKING pc=0x0000017d651cdbe8 sp=0x0000001585cf6610
Event: 41.580 Thread 0x0000017d7532e850 DEOPT UNPACKING pc=0x0000017d64a769a3 sp=0x0000001585cf6528 mode 2
Event: 41.613 Thread 0x0000017d7532e850 Uncommon trap: trap_request=0xffffffde fr.pc=0x0000017d651173e8 relative=0x00000000000001a8
Event: 41.613 Thread 0x0000017d7532e850 Uncommon trap: reason=class_check action=maybe_recompile pc=0x0000017d651173e8 method=java.io.BufferedInputStream.read1([BII)I @ 39 c2
Event: 41.613 Thread 0x0000017d7532e850 DEOPT PACKING pc=0x0000017d651173e8 sp=0x0000001585cf7000
Event: 41.613 Thread 0x0000017d7532e850 DEOPT UNPACKING pc=0x0000017d64a769a3 sp=0x0000001585cf6fa8 mode 2
Event: 41.613 Thread 0x0000017d7532e850 Uncommon trap: trap_request=0xffffffc6 fr.pc=0x0000017d650822c8 relative=0x0000000000000c48
Event: 41.613 Thread 0x0000017d7532e850 Uncommon trap: reason=bimorphic_or_optimized_type_check action=maybe_recompile pc=0x0000017d650822c8 method=java.util.Properties$LineReader.readLine()I @ 479 c2
Event: 41.613 Thread 0x0000017d7532e850 DEOPT PACKING pc=0x0000017d650822c8 sp=0x0000001585cf7170
Event: 41.613 Thread 0x0000017d7532e850 DEOPT UNPACKING pc=0x0000017d64a769a3 sp=0x0000001585cf7108 mode 2

Classes unloaded (0 events):
No events

Classes redefined (0 events):
No events

Internal exceptions (20 events):
Event: 31.720 Thread 0x0000017d7532e850 Exception <a 'java/lang/ClassNotFoundException'{0x0000000086426fd0}: org/gradle/api/internal/project/DefaultProjectBeanInfo> (0x0000000086426fd0) 
thrown [s\src\hotspot\share\classfile\systemDictionary.cpp, line 256]
Event: 31.721 Thread 0x0000017d7532e850 Exception <a 'java/lang/ClassNotFoundException'{0x0000000086433b30}: org/gradle/api/internal/project/DefaultProjectCustomizer> (0x0000000086433b30) 
thrown [s\src\hotspot\share\classfile\systemDictionary.cpp, line 256]
Event: 31.728 Thread 0x0000017d7532e850 Exception <a 'java/lang/ClassNotFoundException'{0x00000000864dcec0}: org/gradle/api/internal/project/DefaultProject_DecoratedCustomizer> (0x00000000864dcec0) 
thrown [s\src\hotspot\share\classfile\systemDictionary.cpp, line 256]
Event: 32.827 Thread 0x0000017d7532e850 Exception <a 'java/lang/NoSuchMethodError'{0x0000000086b8b3c0}: 'java.lang.Object java.lang.invoke.DirectMethodHandle$Holder.newInvokeSpecial(java.lang.Object, java.lang.Object, java.lang.Object, java.lang.Object, int)'> (0x0000000086b8b3c0) 
thrown [s\src\hotspot\share\interpreter\linkResolver.cpp, line 771]
Event: 32.832 Thread 0x0000017d7532e850 Exception <a 'java/lang/NoSuchMethodError'{0x0000000086b906e8}: 'java.lang.Object java.lang.invoke.DirectMethodHandle$Holder.invokeSpecial(java.lang.Object, java.lang.Object, java.lang.Object, java.lang.Object, java.lang.Object, int)'> (0x0000000086b906e8) 
thrown [s\src\hotspot\share\interpreter\linkResolver.cpp, line 771]
Event: 32.833 Thread 0x0000017d7532e850 Exception <a 'java/lang/NoSuchMethodError'{0x0000000086b95118}: 'java.lang.Object java.lang.invoke.Invokers$Holder.linkToTargetMethod(java.lang.Object, java.lang.Object, java.lang.Object, int, java.lang.Object)'> (0x0000000086b95118) 
thrown [s\src\hotspot\share\interpreter\linkResolver.cpp, line 771]
Event: 32.886 Thread 0x0000017d7532e850 Exception <a 'java/lang/NoSuchMethodError'{0x0000000086a5ac28}: static Lorg/gradle/api/internal/catalog/DefaultVersionCatalog;.<clinit>()V> (0x0000000086a5ac28) 
thrown [s\src\hotspot\share\prims\jni.cpp, line 1108]
Event: 32.897 Thread 0x0000017d7532e850 Exception <a 'java/lang/NoSuchMethodError'{0x0000000086aa4060}: static [Ljava/lang/Object;.<clinit>()V> (0x0000000086aa4060) 
thrown [s\src\hotspot\share\prims\jni.cpp, line 1108]
Event: 32.903 Thread 0x0000017d7532e850 Exception <a 'java/lang/NoSuchMethodError'{0x0000000086ad5798}: static Lorg/gradle/api/internal/catalog/DependencyModel;.<clinit>()V> (0x0000000086ad5798) 
thrown [s\src\hotspot\share\prims\jni.cpp, line 1108]
Event: 32.909 Thread 0x0000017d7532e850 Exception <a 'java/lang/NoSuchMethodError'{0x0000000086ad9068}: static Lorg/gradle/api/internal/catalog/AbstractContextAwareModel;.<clinit>()V> (0x0000000086ad9068) 
thrown [s\src\hotspot\share\prims\jni.cpp, line 1108]
Event: 32.913 Thread 0x0000017d7532e850 Exception <a 'java/lang/NoSuchMethodError'{0x0000000086af22f8}: static Lorg/gradle/api/internal/artifacts/dependencies/AbstractVersionConstraint;.<clinit>()V> (0x0000000086af22f8) 
thrown [s\src\hotspot\share\prims\jni.cpp, line 1108]
Event: 32.937 Thread 0x0000017d7532e850 Exception <a 'java/lang/NoSuchMethodError'{0x000000008699d720}: static Lorg/gradle/api/internal/catalog/PluginModel;.<clinit>()V> (0x000000008699d720) 
thrown [s\src\hotspot\share\prims\jni.cpp, line 1108]
Event: 32.939 Thread 0x0000017d7532e850 Exception <a 'java/lang/NoSuchMethodError'{0x00000000869b3be8}: static Lorg/gradle/api/internal/catalog/VersionModel;.<clinit>()V> (0x00000000869b3be8) 
thrown [s\src\hotspot\share\prims\jni.cpp, line 1108]
Event: 33.577 Thread 0x0000017d7532e850 Exception <a 'java/lang/NoSuchMethodError'{0x0000000086358e40}: 'java.lang.Object java.lang.invoke.DirectMethodHandle$Holder.newInvokeSpecial(java.lang.Object, java.lang.Object, java.lang.Object, java.lang.Object, java.lang.Object, int)'> (0x0000000086358e40) 
thrown [s\src\hotspot\share\interpreter\linkResolver.cpp, line 771]
Event: 33.579 Thread 0x0000017d7532e850 Exception <a 'java/lang/NoSuchMethodError'{0x000000008635e298}: 'java.lang.Object java.lang.invoke.DirectMethodHandle$Holder.invokeSpecial(java.lang.Object, java.lang.Object, java.lang.Object, java.lang.Object, java.lang.Object, java.lang.Object, int)'> (0x000000008635e298) 
thrown [s\src\hotspot\share\interpreter\linkResolver.cpp, line 771]
Event: 33.657 Thread 0x0000017d7532e850 Exception <a 'java/lang/NoSuchMethodError'{0x00000000863fe4a0}: 'void java.lang.invoke.DirectMethodHandle$Holder.invokeStatic(java.lang.Object, java.lang.Object, java.lang.Object, int, java.lang.Object)'> (0x00000000863fe4a0) 
thrown [s\src\hotspot\share\interpreter\linkResolver.cpp, line 771]
Event: 34.663 Thread 0x0000017d7532e850 Implicit null exception at 0x0000017d652f3def to 0x0000017d652f4038
Event: 39.674 Thread 0x0000017d7532e850 Implicit null exception at 0x0000017d652f4912 to 0x0000017d652f4f78
Event: 39.674 Thread 0x0000017d7532e850 Implicit null exception at 0x0000017d652fc214 to 0x0000017d652fc8e0
Event: 41.813 Thread 0x0000017d7532e850 Exception <a 'java/lang/NoSuchMethodError'{0x0000000087bce640}: 'int java.lang.invoke.DirectMethodHandle$Holder.invokeInterface(java.lang.Object, java.lang.Object, java.lang.Object, java.lang.Object)'> (0x0000000087bce640) 
thrown [s\src\hotspot\share\interpreter\linkResolver.cpp, line 771]

VM Operations (20 events):
Event: 37.502 Executing VM operation: G1CollectForAllocation done
Event: 38.505 Executing VM operation: Cleanup
Event: 38.505 Executing VM operation: Cleanup done
Event: 39.120 Executing VM operation: G1TryInitiateConcMark
Event: 39.143 Executing VM operation: G1TryInitiateConcMark done
Event: 39.242 Executing VM operation: G1Concurrent
Event: 39.249 Executing VM operation: G1Concurrent done
Event: 39.292 Executing VM operation: G1Concurrent
Event: 39.292 Executing VM operation: G1Concurrent done
Event: 40.295 Executing VM operation: Cleanup
Event: 40.311 Executing VM operation: Cleanup done
Event: 41.012 Executing VM operation: G1CollectForAllocation
Event: 41.018 Executing VM operation: G1CollectForAllocation done
Event: 41.268 Executing VM operation: G1CollectForAllocation
Event: 41.273 Executing VM operation: G1CollectForAllocation done
Event: 41.783 Executing VM operation: HandshakeAllThreads
Event: 41.783 Executing VM operation: HandshakeAllThreads done
Event: 41.812 Executing VM operation: HandshakeAllThreads
Event: 41.812 Executing VM operation: HandshakeAllThreads done
Event: 42.603 Executing VM operation: G1CollectForAllocation

Events (20 events):
Event: 42.434 loading class java/time/format/DateTimeFormatterBuilder$FractionPrinterParser
Event: 42.435 loading class java/time/format/DateTimeFormatterBuilder$FractionPrinterParser done
Event: 42.435 loading class java/time/format/DateTimeFormatterBuilder$ZoneIdPrinterParser
Event: 42.435 loading class java/time/format/DateTimeFormatterBuilder$ZoneIdPrinterParser done
Event: 42.435 loading class java/time/format/DateTimeFormatterBuilder$StringLiteralPrinterParser
Event: 42.436 loading class java/time/format/DateTimeFormatterBuilder$StringLiteralPrinterParser done
Event: 42.436 loading class java/time/format/DateTimeFormatterBuilder$InstantPrinterParser
Event: 42.436 loading class java/time/format/DateTimeFormatterBuilder$InstantPrinterParser done
Event: 42.436 loading class java/time/format/DateTimeTextProvider$LocaleStore
Event: 42.436 loading class java/time/format/DateTimeTextProvider$LocaleStore done
Event: 42.436 loading class java/time/format/DateTimeTextProvider
Event: 42.437 loading class java/time/format/DateTimeTextProvider done
Event: 42.437 loading class java/time/format/DateTimeTextProvider$1
Event: 42.437 loading class java/time/format/DateTimeTextProvider$1 done
Event: 42.437 loading class java/time/format/DateTimeFormatterBuilder$1
Event: 42.437 loading class java/time/format/DateTimeFormatterBuilder$1 done
Event: 42.437 loading class java/time/format/DateTimeFormatterBuilder$TextPrinterParser
Event: 42.438 loading class java/time/format/DateTimeFormatterBuilder$TextPrinterParser done
Event: 42.439 loading class java/util/concurrent/Executors$DefaultThreadFactory
Event: 42.440 loading class java/util/concurrent/Executors$DefaultThreadFactory done


Dynamic libraries:
0x00007ff79ed80000 - 0x00007ff79ed8a000 	C:\Program Files\Android\Android Studio\jbr\bin\java.exe
0x00007ffb45050000 - 0x00007ffb45264000 	C:\WINDOWS\SYSTEM32\ntdll.dll
0x00007ffb43c80000 - 0x00007ffb43d42000 	C:\WINDOWS\System32\KERNEL32.DLL
0x00007ffb42840000 - 0x00007ffb42be3000 	C:\WINDOWS\System32\KERNELBASE.dll
0x00007ffb42d30000 - 0x00007ffb42e41000 	C:\WINDOWS\System32\ucrtbase.dll
0x00007ffb38b80000 - 0x00007ffb38b9b000 	C:\Program Files\Android\Android Studio\jbr\bin\VCRUNTIME140.dll
0x00007ffb08a40000 - 0x00007ffb08a57000 	C:\Program Files\Android\Android Studio\jbr\bin\jli.dll
0x00007ffb44900000 - 0x00007ffb44aab000 	C:\WINDOWS\System32\USER32.dll
0x00007ffb42590000 - 0x00007ffb425b6000 	C:\WINDOWS\System32\win32u.dll
0x00007ffb44050000 - 0x00007ffb44079000 	C:\WINDOWS\System32\GDI32.dll
0x00007ffb42470000 - 0x00007ffb42588000 	C:\WINDOWS\System32\gdi32full.dll
0x00007ffb42730000 - 0x00007ffb427ca000 	C:\WINDOWS\System32\msvcp_win.dll
0x00007ffb2dc80000 - 0x00007ffb2df0e000 	C:\WINDOWS\WinSxS\amd64_microsoft.windows.common-controls_6595b64144ccf1df_6.0.22621.1635_none_270f70857386168e\COMCTL32.dll
0x00007ffb44b00000 - 0x00007ffb44ba7000 	C:\WINDOWS\System32\msvcrt.dll
0x00007ffb44010000 - 0x00007ffb44041000 	C:\WINDOWS\System32\IMM32.DLL
0x00007ffb38b70000 - 0x00007ffb38b7c000 	C:\Program Files\Android\Android Studio\jbr\bin\vcruntime140_1.dll
0x00007ffafe420000 - 0x00007ffafe4ad000 	C:\Program Files\Android\Android Studio\jbr\bin\msvcp140.dll
0x00007ffabedb0000 - 0x00007ffabfa1e000 	C:\Program Files\Android\Android Studio\jbr\bin\server\jvm.dll
0x00007ffb42fc0000 - 0x00007ffb4306e000 	C:\WINDOWS\System32\ADVAPI32.dll
0x00007ffb43210000 - 0x00007ffb432b4000 	C:\WINDOWS\System32\sechost.dll
0x00007ffb432c0000 - 0x00007ffb433d7000 	C:\WINDOWS\System32\RPCRT4.dll
0x00007ffb3ddf0000 - 0x00007ffb3ddf9000 	C:\WINDOWS\SYSTEM32\WSOCK32.dll
0x00007ffb44ee0000 - 0x00007ffb44f51000 	C:\WINDOWS\System32\WS2_32.dll
0x00007ffb3a900000 - 0x00007ffb3a934000 	C:\WINDOWS\SYSTEM32\WINMM.dll
0x00007ffb3a840000 - 0x00007ffb3a84a000 	C:\WINDOWS\SYSTEM32\VERSION.dll
0x00007ffb41490000 - 0x00007ffb414a8000 	C:\WINDOWS\SYSTEM32\kernel.appcore.dll
0x00007ffb38c10000 - 0x00007ffb38c1a000 	C:\Program Files\Android\Android Studio\jbr\bin\jimage.dll
0x00007ffb2e060000 - 0x00007ffb2e28e000 	C:\WINDOWS\SYSTEM32\DBGHELP.DLL
0x00007ffb43870000 - 0x00007ffb43bf9000 	C:\WINDOWS\System32\combase.dll
0x00007ffb42ec0000 - 0x00007ffb42f97000 	C:\WINDOWS\System32\OLEAUT32.dll
0x00007ffb290d0000 - 0x00007ffb29102000 	C:\WINDOWS\SYSTEM32\dbgcore.DLL
0x00007ffb42cb0000 - 0x00007ffb42d2b000 	C:\WINDOWS\System32\bcryptPrimitives.dll
0x00007ffb382e0000 - 0x00007ffb38305000 	C:\Program Files\Android\Android Studio\jbr\bin\java.dll
0x00007ffb0d3d0000 - 0x00007ffb0d3e8000 	C:\Program Files\Android\Android Studio\jbr\bin\zip.dll
0x00007ffb44100000 - 0x00007ffb448fa000 	C:\WINDOWS\System32\SHELL32.dll
0x00007ffb40420000 - 0x00007ffb40cee000 	C:\WINDOWS\SYSTEM32\windows.storage.dll
0x00007ffb402e0000 - 0x00007ffb4041e000 	C:\WINDOWS\SYSTEM32\wintypes.dll
0x00007ffb44d80000 - 0x00007ffb44e71000 	C:\WINDOWS\System32\SHCORE.dll
0x00007ffb44e80000 - 0x00007ffb44ede000 	C:\WINDOWS\System32\shlwapi.dll
0x00007ffb423a0000 - 0x00007ffb423c1000 	C:\WINDOWS\SYSTEM32\profapi.dll
0x00007ffb0a810000 - 0x00007ffb0a829000 	C:\Program Files\Android\Android Studio\jbr\bin\net.dll
0x00007ffb39a30000 - 0x00007ffb39b67000 	C:\WINDOWS\SYSTEM32\WINHTTP.dll
0x00007ffb41910000 - 0x00007ffb41979000 	C:\WINDOWS\system32\mswsock.dll
0x00007ffb08b30000 - 0x00007ffb08b46000 	C:\Program Files\Android\Android Studio\jbr\bin\nio.dll
0x00007ffb38c00000 - 0x00007ffb38c10000 	C:\Program Files\Android\Android Studio\jbr\bin\verify.dll
0x00007ffb38820000 - 0x00007ffb38847000 	C:\Users\thoma\.gradle\native\68d5fa5c4cc2d200863cafc0d521ce42e7d3e7ee720ec0a83991735586a16f82\windows-amd64\native-platform.dll
0x00007ffaf8750000 - 0x00007ffaf8894000 	C:\Users\thoma\.gradle\native\e376f236ea51e6404a007f0833ffe2c6e607c4080706a723a18a27aeea778392\windows-amd64\native-platform-file-events.dll
0x00007ffb38a40000 - 0x00007ffb38a49000 	C:\Program Files\Android\Android Studio\jbr\bin\management.dll
0x00007ffb37a90000 - 0x00007ffb37a9b000 	C:\Program Files\Android\Android Studio\jbr\bin\management_ext.dll
0x00007ffb42e50000 - 0x00007ffb42e58000 	C:\WINDOWS\System32\PSAPI.DLL
0x00007ffb41b90000 - 0x00007ffb41bab000 	C:\WINDOWS\SYSTEM32\CRYPTSP.dll
0x00007ffb413f0000 - 0x00007ffb41425000 	C:\WINDOWS\system32\rsaenh.dll
0x00007ffb41a30000 - 0x00007ffb41a58000 	C:\WINDOWS\SYSTEM32\USERENV.dll
0x00007ffb41d50000 - 0x00007ffb41d78000 	C:\WINDOWS\SYSTEM32\bcrypt.dll
0x00007ffb41bb0000 - 0x00007ffb41bbc000 	C:\WINDOWS\SYSTEM32\CRYPTBASE.dll
0x00007ffb40f50000 - 0x00007ffb40f7d000 	C:\WINDOWS\SYSTEM32\IPHLPAPI.DLL
0x00007ffb44d70000 - 0x00007ffb44d79000 	C:\WINDOWS\System32\NSI.dll
0x00007ffb3a870000 - 0x00007ffb3a889000 	C:\WINDOWS\SYSTEM32\dhcpcsvc6.DLL
0x00007ffb3a850000 - 0x00007ffb3a86f000 	C:\WINDOWS\SYSTEM32\dhcpcsvc.DLL
0x00007ffb40fc0000 - 0x00007ffb410b3000 	C:\WINDOWS\SYSTEM32\DNSAPI.dll
0x00007ffb386b0000 - 0x00007ffb386b8000 	C:\WINDOWS\system32\wshunix.dll

dbghelp: loaded successfully - version: 4.0.5 - missing functions: none
symbol engine: initialized successfully - sym options: 0x614 - pdb path: .;C:\Program Files\Android\Android Studio\jbr\bin;C:\WINDOWS\SYSTEM32;C:\WINDOWS\WinSxS\amd64_microsoft.windows.common-controls_6595b64144ccf1df_6.0.22621.1635_none_270f70857386168e;C:\Program Files\Android\Android Studio\jbr\bin\server;C:\Users\thoma\.gradle\native\68d5fa5c4cc2d200863cafc0d521ce42e7d3e7ee720ec0a83991735586a16f82\windows-amd64;C:\Users\thoma\.gradle\native\e376f236ea51e6404a007f0833ffe2c6e607c4080706a723a18a27aeea778392\windows-amd64

VM Arguments:
jvm_args: --add-opens=java.base/java.util=ALL-UNNAMED --add-opens=java.base/java.lang=ALL-UNNAMED --add-opens=java.base/java.lang.invoke=ALL-UNNAMED --add-opens=java.prefs/java.util.prefs=ALL-UNNAMED --add-opens=java.base/java.nio.charset=ALL-UNNAMED --add-opens=java.base/java.net=ALL-UNNAMED --add-opens=java.base/java.util.concurrent.atomic=ALL-UNNAMED -Xmx2048m -Dfile.encoding=UTF-8 -Duser.country=US -Duser.language=en -Duser.variant 
java_command: org.gradle.launcher.daemon.bootstrap.GradleDaemon 8.0
java_class_path (initial): C:\Users\thoma\.gradle\wrapper\dists\gradle-8.0-bin\ca5e32bp14vu59qr306oxotwh\gradle-8.0\lib\gradle-launcher-8.0.jar
Launcher Type: SUN_STANDARD

[Global flags]
     intx CICompilerCount                          = 3                                         {product} {ergonomic}
     uint ConcGCThreads                            = 1                                         {product} {ergonomic}
     uint G1ConcRefinementThreads                  = 4                                         {product} {ergonomic}
   size_t G1HeapRegionSize                         = 1048576                                   {product} {ergonomic}
    uintx GCDrainStackTargetSize                   = 64                                        {product} {ergonomic}
   size_t InitialHeapSize                          = 100663296                                 {product} {ergonomic}
   size_t MarkStackSize                            = 4194304                                   {product} {ergonomic}
   size_t MaxHeapSize                              = 2147483648                                {product} {command line}
   size_t MaxNewSize                               = 1287651328                                {product} {ergonomic}
   size_t MinHeapDeltaBytes                        = 1048576                                   {product} {ergonomic}
   size_t MinHeapSize                              = 8388608                                   {product} {ergonomic}
    uintx NonNMethodCodeHeapSize                   = 5832780                                {pd product} {ergonomic}
    uintx NonProfiledCodeHeapSize                  = 122912730                              {pd product} {ergonomic}
    uintx ProfiledCodeHeapSize                     = 122912730                              {pd product} {ergonomic}
    uintx ReservedCodeCacheSize                    = 251658240                              {pd product} {ergonomic}
     bool SegmentedCodeCache                       = true                                      {product} {ergonomic}
   size_t SoftMaxHeapSize                          = 2147483648                             {manageable} {ergonomic}
     bool UseCompressedClassPointers               = true                           {product lp64_product} {ergonomic}
     bool UseCompressedOops                        = true                           {product lp64_product} {ergonomic}
     bool UseG1GC                                  = true                                      {product} {ergonomic}
     bool UseLargePagesIndividualAllocation        = false                                  {pd product} {ergonomic}

Logging:
Log output configuration:
 #0: stdout all=warning uptime,level,tags
 #1: stderr all=off uptime,level,tags

Environment Variables:
PATH=C:\Program Files\Eclipse Adoptium\jdk-17.0.4.101-hotspot\bin;C:\Program Files\Common Files\Oracle\Java\javapath;C:\WINDOWS\system32;C:\WINDOWS;C:\WINDOWS\System32\Wbem;C:\WINDOWS\System32\WindowsPowerShell\v1.0\;C:\WINDOWS\System32\OpenSSH\;C:\Program Files\Docker\Docker\resources\bin;C:\Program Files\Git\cmd;C:\Users\thoma\AppData\Local\Microsoft\WindowsApps;C:\Users\thoma\AppData\Local\Programs\Microsoft VS Code\bin;C:\Users\thoma\AppData\Local\GitHubDesktop\bin;C:\Program Files (x86)\Brackets\;C:\Program Files\apache-maven-3.9.0\bin;C:\Users\thoma\AppData\Local\Programs\Python;C:\msys64\mingw64\bin;
USERNAME=thoma
OS=Windows_NT
PROCESSOR_IDENTIFIER=AMD64 Family 23 Model 24 Stepping 1, AuthenticAMD
TMP=C:\Users\thoma\AppData\Local\Temp
TEMP=C:\Users\thoma\AppData\Local\Temp


JNI global refs:
JNI global refs: 25, weak refs: 2

JNI global refs memory usage: 843, weak refs: 841


---------------  S Y S T E M  ---------------

OS:
 Windows 11 , 64 bit Build 22621 (10.0.22621.1635)
OS uptime: 1 days 7:13 hours
Hyper-V role detected

CPU: total 4 (initial active 4) (4 cores per cpu, 2 threads per core) family 23 model 24 stepping 1 microcode 0x0, cx8, cmov, fxsr, ht, mmx, 3dnowpref, sse, sse2, sse3, ssse3, sse4a, sse4.1, sse4.2, popcnt, lzcnt, tsc, tscinvbit, avx, avx2, aes, clmul, bmi1, bmi2, adx, sha, fma, vzeroupper, clflush, clflushopt, hv

Memory: 4k page, system-wide physical 6023M (169M free)
TotalPageFile size 17675M (AvailPageFile size 20M)
current process WorkingSet (physical memory assigned to process): 311M, peak: 313M
current process commit charge ("private bytes"): 340M, peak: 417M

vm_info: OpenJDK 64-Bit Server VM (17.0.6+0-b2043.56-10027231) for windows-amd64 JRE (17.0.6+0-b2043.56-10027231), built on Apr 28 2023 00:43:19 by "androidbuild" with MS VC++ 16.10 / 16.11 (VS2019)

END.
